<?xml version="1.0" encoding="UTF-8"?>
<testsuite xmlns:xsi="http://www.w3.org/2001/XMLSchema-instance" xsi:noNamespaceSchemaLocation="https://maven.apache.org/surefire/maven-surefire-plugin/xsd/surefire-test-report-3.0.xsd" version="3.0" name="net.javaguides.springboot.EmployeeManagementSystem202406ApplicationTests" time="6.361" tests="1" errors="0" skipped="0" failures="0">
  <properties>
[...]
</properties>
  <testcase name="contextLoads" classname="net.javaguides.springboot.EmployeeManagementSystem202406ApplicationTests" time="0.582">
    <system-out><![CDATA[09:44:55.579 [main] INFO org.springframework.test.context.support.AnnotationConfigContextLoaderUtils -- Could not detect default configuration classes for test class [net.javaguides.springboot.EmployeeManagementSystem202406ApplicationTests]: EmployeeManagementSystem202406ApplicationTests does not declare any static, non-private, non-final, nested classes annotated with @Configuration.
09:44:55.686 [main] INFO org.springframework.boot.test.context.SpringBootTestContextBootstrapper -- Found @SpringBootConfiguration net.javaguides.springboot.EmployeeManagementSystem202406Application for test class net.javaguides.springboot.EmployeeManagementSystem202406ApplicationTests
09:44:55.911 [main] INFO org.springframework.boot.devtools.restart.RestartApplicationListener -- Restart disabled due to context in which it is running
  .   ____          _            __ _ _
 /\\ / ___'_ __ _ _(_)_ __  __ _ \ \ \ \
( ( )\___ | '_ | '_| | '_ \/ _` | \ \ \ \
 \\/  ___)| |_)| | | | | || (_| |  ) ) ) )
  '  |____| .__|_| |_|_| |_\__, | / / / /
 =========|_|==============|___/=/_/_/_/

 :: Spring Boot ::                (v3.3.0)

2024-06-24T09:44:56.405+09:00  INFO 13204 --- [employee-management-system-202406] [           main] eeManagementSystem202406ApplicationTests : Starting EmployeeManagementSystem202406ApplicationTests using Java 22.0.1 with PID 13204 (started by SYM-D-14 in C:\Users\SYM-D-14\Desktop\Employee-Management-System-WBS)
2024-06-24T09:44:56.407+09:00  INFO 13204 --- [employee-management-system-202406] [           main] eeManagementSystem202406ApplicationTests : No active profile set, falling back to 1 default profile: "default"
2024-06-24T09:44:57.256+09:00  INFO 13204 --- [employee-management-system-202406] [           main] .s.d.r.c.RepositoryConfigurationDelegate : Bootstrapping Spring Data JPA repositories in DEFAULT mode.
2024-06-24T09:44:57.335+09:00  INFO 13204 --- [employee-management-system-202406] [           main] .s.d.r.c.RepositoryConfigurationDelegate : Finished Spring Data repository scanning in 67 ms. Found 2 JPA repository interfaces.
2024-06-24T09:44:57.893+09:00  INFO 13204 --- [employee-management-system-202406] [           main] o.hibernate.jpa.internal.util.LogHelper  : HHH000204: Processing PersistenceUnitInfo [name: default]
2024-06-24T09:44:57.978+09:00  INFO 13204 --- [employee-management-system-202406] [           main] org.hibernate.Version                    : HHH000412: Hibernate ORM core version 6.5.2.Final
2024-06-24T09:44:58.028+09:00  INFO 13204 --- [employee-management-system-202406] [           main] o.h.c.internal.RegionFactoryInitiator    : HHH000026: Second-level cache disabled
2024-06-24T09:44:58.137+09:00 DEBUG 13204 --- [employee-management-system-202406] [           main] org.hibernate.type.BasicTypeRegistry     : Adding type registration boolean -> org.hibernate.type.BasicTypeReference@560271a1
2024-06-24T09:44:58.137+09:00 DEBUG 13204 --- [employee-management-system-202406] [           main] org.hibernate.type.BasicTypeRegistry     : Adding type registration boolean -> org.hibernate.type.BasicTypeReference@560271a1
2024-06-24T09:44:58.137+09:00 DEBUG 13204 --- [employee-management-system-202406] [           main] org.hibernate.type.BasicTypeRegistry     : Adding type registration java.lang.Boolean -> org.hibernate.type.BasicTypeReference@560271a1
2024-06-24T09:44:58.137+09:00 DEBUG 13204 --- [employee-management-system-202406] [           main] org.hibernate.type.BasicTypeRegistry     : Adding type registration numeric_boolean -> org.hibernate.type.BasicTypeReference@4b9c411
2024-06-24T09:44:58.137+09:00 DEBUG 13204 --- [employee-management-system-202406] [           main] org.hibernate.type.BasicTypeRegistry     : Adding type registration org.hibernate.type.NumericBooleanConverter -> org.hibernate.type.BasicTypeReference@4b9c411
2024-06-24T09:44:58.137+09:00 DEBUG 13204 --- [employee-management-system-202406] [           main] org.hibernate.type.BasicTypeRegistry     : Adding type registration true_false -> org.hibernate.type.BasicTypeReference@41e9f86
2024-06-24T09:44:58.138+09:00 DEBUG 13204 --- [employee-management-system-202406] [           main] org.hibernate.type.BasicTypeRegistry     : Adding type registration org.hibernate.type.TrueFalseConverter -> org.hibernate.type.BasicTypeReference@41e9f86
2024-06-24T09:44:58.138+09:00 DEBUG 13204 --- [employee-management-system-202406] [           main] org.hibernate.type.BasicTypeRegistry     : Adding type registration yes_no -> org.hibernate.type.BasicTypeReference@66f5b8fe
2024-06-24T09:44:58.138+09:00 DEBUG 13204 --- [employee-management-system-202406] [           main] org.hibernate.type.BasicTypeRegistry     : Adding type registration org.hibernate.type.YesNoConverter -> org.hibernate.type.BasicTypeReference@66f5b8fe
2024-06-24T09:44:58.138+09:00 DEBUG 13204 --- [employee-management-system-202406] [           main] org.hibernate.type.BasicTypeRegistry     : Adding type registration byte -> org.hibernate.type.BasicTypeReference@233f52f8
2024-06-24T09:44:58.138+09:00 DEBUG 13204 --- [employee-management-system-202406] [           main] org.hibernate.type.BasicTypeRegistry     : Adding type registration byte -> org.hibernate.type.BasicTypeReference@233f52f8
2024-06-24T09:44:58.138+09:00 DEBUG 13204 --- [employee-management-system-202406] [           main] org.hibernate.type.BasicTypeRegistry     : Adding type registration java.lang.Byte -> org.hibernate.type.BasicTypeReference@233f52f8
2024-06-24T09:44:58.138+09:00 DEBUG 13204 --- [employee-management-system-202406] [           main] org.hibernate.type.BasicTypeRegistry     : Adding type registration binary -> org.hibernate.type.BasicTypeReference@69ec93c2
2024-06-24T09:44:58.138+09:00 DEBUG 13204 --- [employee-management-system-202406] [           main] org.hibernate.type.BasicTypeRegistry     : Adding type registration byte[] -> org.hibernate.type.BasicTypeReference@69ec93c2
2024-06-24T09:44:58.138+09:00 DEBUG 13204 --- [employee-management-system-202406] [           main] org.hibernate.type.BasicTypeRegistry     : Adding type registration [B -> org.hibernate.type.BasicTypeReference@69ec93c2
2024-06-24T09:44:58.138+09:00 DEBUG 13204 --- [employee-management-system-202406] [           main] org.hibernate.type.BasicTypeRegistry     : Adding type registration binary_wrapper -> org.hibernate.type.BasicTypeReference@19fec3d6
2024-06-24T09:44:58.138+09:00 DEBUG 13204 --- [employee-management-system-202406] [           main] org.hibernate.type.BasicTypeRegistry     : Adding type registration wrapper-binary -> org.hibernate.type.BasicTypeReference@19fec3d6
2024-06-24T09:44:58.139+09:00 DEBUG 13204 --- [employee-management-system-202406] [           main] org.hibernate.type.BasicTypeRegistry     : Adding type registration image -> org.hibernate.type.BasicTypeReference@5287ba5f
2024-06-24T09:44:58.139+09:00 DEBUG 13204 --- [employee-management-system-202406] [           main] org.hibernate.type.BasicTypeRegistry     : Adding type registration blob -> org.hibernate.type.BasicTypeReference@b768a65
2024-06-24T09:44:58.139+09:00 DEBUG 13204 --- [employee-management-system-202406] [           main] org.hibernate.type.BasicTypeRegistry     : Adding type registration java.sql.Blob -> org.hibernate.type.BasicTypeReference@b768a65
2024-06-24T09:44:58.139+09:00 DEBUG 13204 --- [employee-management-system-202406] [           main] org.hibernate.type.BasicTypeRegistry     : Adding type registration materialized_blob -> org.hibernate.type.BasicTypeReference@6897a4a
2024-06-24T09:44:58.139+09:00 DEBUG 13204 --- [employee-management-system-202406] [           main] org.hibernate.type.BasicTypeRegistry     : Adding type registration materialized_blob_wrapper -> org.hibernate.type.BasicTypeReference@6986f93e
2024-06-24T09:44:58.139+09:00 DEBUG 13204 --- [employee-management-system-202406] [           main] org.hibernate.type.BasicTypeRegistry     : Adding type registration short -> org.hibernate.type.BasicTypeReference@6bce313
2024-06-24T09:44:58.139+09:00 DEBUG 13204 --- [employee-management-system-202406] [           main] org.hibernate.type.BasicTypeRegistry     : Adding type registration short -> org.hibernate.type.BasicTypeReference@6bce313
2024-06-24T09:44:58.139+09:00 DEBUG 13204 --- [employee-management-system-202406] [           main] org.hibernate.type.BasicTypeRegistry     : Adding type registration java.lang.Short -> org.hibernate.type.BasicTypeReference@6bce313
2024-06-24T09:44:58.140+09:00 DEBUG 13204 --- [employee-management-system-202406] [           main] org.hibernate.type.BasicTypeRegistry     : Adding type registration integer -> org.hibernate.type.BasicTypeReference@39266403
2024-06-24T09:44:58.140+09:00 DEBUG 13204 --- [employee-management-system-202406] [           main] org.hibernate.type.BasicTypeRegistry     : Adding type registration int -> org.hibernate.type.BasicTypeReference@39266403
2024-06-24T09:44:58.140+09:00 DEBUG 13204 --- [employee-management-system-202406] [           main] org.hibernate.type.BasicTypeRegistry     : Adding type registration java.lang.Integer -> org.hibernate.type.BasicTypeReference@39266403
2024-06-24T09:44:58.140+09:00 DEBUG 13204 --- [employee-management-system-202406] [           main] org.hibernate.type.BasicTypeRegistry     : Adding type registration long -> org.hibernate.type.BasicTypeReference@74b00247
2024-06-24T09:44:58.140+09:00 DEBUG 13204 --- [employee-management-system-202406] [           main] org.hibernate.type.BasicTypeRegistry     : Adding type registration long -> org.hibernate.type.BasicTypeReference@74b00247
2024-06-24T09:44:58.140+09:00 DEBUG 13204 --- [employee-management-system-202406] [           main] org.hibernate.type.BasicTypeRegistry     : Adding type registration java.lang.Long -> org.hibernate.type.BasicTypeReference@74b00247
2024-06-24T09:44:58.140+09:00 DEBUG 13204 --- [employee-management-system-202406] [           main] org.hibernate.type.BasicTypeRegistry     : Adding type registration float -> org.hibernate.type.BasicTypeReference@2aa14ae6
2024-06-24T09:44:58.140+09:00 DEBUG 13204 --- [employee-management-system-202406] [           main] org.hibernate.type.BasicTypeRegistry     : Adding type registration float -> org.hibernate.type.BasicTypeReference@2aa14ae6
2024-06-24T09:44:58.140+09:00 DEBUG 13204 --- [employee-management-system-202406] [           main] org.hibernate.type.BasicTypeRegistry     : Adding type registration java.lang.Float -> org.hibernate.type.BasicTypeReference@2aa14ae6
2024-06-24T09:44:58.141+09:00 DEBUG 13204 --- [employee-management-system-202406] [           main] org.hibernate.type.BasicTypeRegistry     : Adding type registration double -> org.hibernate.type.BasicTypeReference@4be490da
2024-06-24T09:44:58.141+09:00 DEBUG 13204 --- [employee-management-system-202406] [           main] org.hibernate.type.BasicTypeRegistry     : Adding type registration double -> org.hibernate.type.BasicTypeReference@4be490da
2024-06-24T09:44:58.141+09:00 DEBUG 13204 --- [employee-management-system-202406] [           main] org.hibernate.type.BasicTypeRegistry     : Adding type registration java.lang.Double -> org.hibernate.type.BasicTypeReference@4be490da
2024-06-24T09:44:58.141+09:00 DEBUG 13204 --- [employee-management-system-202406] [           main] org.hibernate.type.BasicTypeRegistry     : Adding type registration big_integer -> org.hibernate.type.BasicTypeReference@4168f3d9
2024-06-24T09:44:58.141+09:00 DEBUG 13204 --- [employee-management-system-202406] [           main] org.hibernate.type.BasicTypeRegistry     : Adding type registration java.math.BigInteger -> org.hibernate.type.BasicTypeReference@4168f3d9
2024-06-24T09:44:58.141+09:00 DEBUG 13204 --- [employee-management-system-202406] [           main] org.hibernate.type.BasicTypeRegistry     : Adding type registration big_decimal -> org.hibernate.type.BasicTypeReference@353e6389
2024-06-24T09:44:58.141+09:00 DEBUG 13204 --- [employee-management-system-202406] [           main] org.hibernate.type.BasicTypeRegistry     : Adding type registration java.math.BigDecimal -> org.hibernate.type.BasicTypeReference@353e6389
2024-06-24T09:44:58.141+09:00 DEBUG 13204 --- [employee-management-system-202406] [           main] org.hibernate.type.BasicTypeRegistry     : Adding type registration character -> org.hibernate.type.BasicTypeReference@15e8f9b2
2024-06-24T09:44:58.141+09:00 DEBUG 13204 --- [employee-management-system-202406] [           main] org.hibernate.type.BasicTypeRegistry     : Adding type registration char -> org.hibernate.type.BasicTypeReference@15e8f9b2
2024-06-24T09:44:58.141+09:00 DEBUG 13204 --- [employee-management-system-202406] [           main] org.hibernate.type.BasicTypeRegistry     : Adding type registration java.lang.Character -> org.hibernate.type.BasicTypeReference@15e8f9b2
2024-06-24T09:44:58.141+09:00 DEBUG 13204 --- [employee-management-system-202406] [           main] org.hibernate.type.BasicTypeRegistry     : Adding type registration character_nchar -> org.hibernate.type.BasicTypeReference@7a65c995
2024-06-24T09:44:58.141+09:00 DEBUG 13204 --- [employee-management-system-202406] [           main] org.hibernate.type.BasicTypeRegistry     : Adding type registration string -> org.hibernate.type.BasicTypeReference@7c950b3b
2024-06-24T09:44:58.142+09:00 DEBUG 13204 --- [employee-management-system-202406] [           main] org.hibernate.type.BasicTypeRegistry     : Adding type registration java.lang.String -> org.hibernate.type.BasicTypeReference@7c950b3b
2024-06-24T09:44:58.142+09:00 DEBUG 13204 --- [employee-management-system-202406] [           main] org.hibernate.type.BasicTypeRegistry     : Adding type registration nstring -> org.hibernate.type.BasicTypeReference@3af10d0b
2024-06-24T09:44:58.142+09:00 DEBUG 13204 --- [employee-management-system-202406] [           main] org.hibernate.type.BasicTypeRegistry     : Adding type registration characters -> org.hibernate.type.BasicTypeReference@6806468e
2024-06-24T09:44:58.142+09:00 DEBUG 13204 --- [employee-management-system-202406] [           main] org.hibernate.type.BasicTypeRegistry     : Adding type registration char[] -> org.hibernate.type.BasicTypeReference@6806468e
2024-06-24T09:44:58.142+09:00 DEBUG 13204 --- [employee-management-system-202406] [           main] org.hibernate.type.BasicTypeRegistry     : Adding type registration [C -> org.hibernate.type.BasicTypeReference@6806468e
2024-06-24T09:44:58.142+09:00 DEBUG 13204 --- [employee-management-system-202406] [           main] org.hibernate.type.BasicTypeRegistry     : Adding type registration wrapper-characters -> org.hibernate.type.BasicTypeReference@3c7b137a
2024-06-24T09:44:58.142+09:00 DEBUG 13204 --- [employee-management-system-202406] [           main] org.hibernate.type.BasicTypeRegistry     : Adding type registration text -> org.hibernate.type.BasicTypeReference@68631b1d
2024-06-24T09:44:58.142+09:00 DEBUG 13204 --- [employee-management-system-202406] [           main] org.hibernate.type.BasicTypeRegistry     : Adding type registration ntext -> org.hibernate.type.BasicTypeReference@5a48da4f
2024-06-24T09:44:58.142+09:00 DEBUG 13204 --- [employee-management-system-202406] [           main] org.hibernate.type.BasicTypeRegistry     : Adding type registration clob -> org.hibernate.type.BasicTypeReference@a0c5be
2024-06-24T09:44:58.142+09:00 DEBUG 13204 --- [employee-management-system-202406] [           main] org.hibernate.type.BasicTypeRegistry     : Adding type registration java.sql.Clob -> org.hibernate.type.BasicTypeReference@a0c5be
2024-06-24T09:44:58.142+09:00 DEBUG 13204 --- [employee-management-system-202406] [           main] org.hibernate.type.BasicTypeRegistry     : Adding type registration nclob -> org.hibernate.type.BasicTypeReference@6424e613
2024-06-24T09:44:58.142+09:00 DEBUG 13204 --- [employee-management-system-202406] [           main] org.hibernate.type.BasicTypeRegistry     : Adding type registration java.sql.NClob -> org.hibernate.type.BasicTypeReference@6424e613
2024-06-24T09:44:58.143+09:00 DEBUG 13204 --- [employee-management-system-202406] [           main] org.hibernate.type.BasicTypeRegistry     : Adding type registration materialized_clob -> org.hibernate.type.BasicTypeReference@14efa279
2024-06-24T09:44:58.143+09:00 DEBUG 13204 --- [employee-management-system-202406] [           main] org.hibernate.type.BasicTypeRegistry     : Adding type registration materialized_clob_char_array -> org.hibernate.type.BasicTypeReference@8e99809
2024-06-24T09:44:58.143+09:00 DEBUG 13204 --- [employee-management-system-202406] [           main] org.hibernate.type.BasicTypeRegistry     : Adding type registration materialized_clob_character_array -> org.hibernate.type.BasicTypeReference@e62319f
2024-06-24T09:44:58.143+09:00 DEBUG 13204 --- [employee-management-system-202406] [           main] org.hibernate.type.BasicTypeRegistry     : Adding type registration materialized_nclob -> org.hibernate.type.BasicTypeReference@4d354a3e
2024-06-24T09:44:58.143+09:00 DEBUG 13204 --- [employee-management-system-202406] [           main] org.hibernate.type.BasicTypeRegistry     : Adding type registration materialized_nclob_character_array -> org.hibernate.type.BasicTypeReference@24a0c58b
2024-06-24T09:44:58.143+09:00 DEBUG 13204 --- [employee-management-system-202406] [           main] org.hibernate.type.BasicTypeRegistry     : Adding type registration materialized_nclob_char_array -> org.hibernate.type.BasicTypeReference@604d28c6
2024-06-24T09:44:58.143+09:00 DEBUG 13204 --- [employee-management-system-202406] [           main] org.hibernate.type.BasicTypeRegistry     : Adding type registration Duration -> org.hibernate.type.BasicTypeReference@7f3c0399
2024-06-24T09:44:58.143+09:00 DEBUG 13204 --- [employee-management-system-202406] [           main] org.hibernate.type.BasicTypeRegistry     : Adding type registration java.time.Duration -> org.hibernate.type.BasicTypeReference@7f3c0399
2024-06-24T09:44:58.143+09:00 DEBUG 13204 --- [employee-management-system-202406] [           main] org.hibernate.type.BasicTypeRegistry     : Adding type registration LocalDateTime -> org.hibernate.type.BasicTypeReference@183fc2fa
2024-06-24T09:44:58.143+09:00 DEBUG 13204 --- [employee-management-system-202406] [           main] org.hibernate.type.BasicTypeRegistry     : Adding type registration java.time.LocalDateTime -> org.hibernate.type.BasicTypeReference@183fc2fa
2024-06-24T09:44:58.143+09:00 DEBUG 13204 --- [employee-management-system-202406] [           main] org.hibernate.type.BasicTypeRegistry     : Adding type registration LocalDate -> org.hibernate.type.BasicTypeReference@3a11c0eb
2024-06-24T09:44:58.143+09:00 DEBUG 13204 --- [employee-management-system-202406] [           main] org.hibernate.type.BasicTypeRegistry     : Adding type registration java.time.LocalDate -> org.hibernate.type.BasicTypeReference@3a11c0eb
2024-06-24T09:44:58.143+09:00 DEBUG 13204 --- [employee-management-system-202406] [           main] org.hibernate.type.BasicTypeRegistry     : Adding type registration LocalTime -> org.hibernate.type.BasicTypeReference@3313d477
2024-06-24T09:44:58.143+09:00 DEBUG 13204 --- [employee-management-system-202406] [           main] org.hibernate.type.BasicTypeRegistry     : Adding type registration java.time.LocalTime -> org.hibernate.type.BasicTypeReference@3313d477
2024-06-24T09:44:58.143+09:00 DEBUG 13204 --- [employee-management-system-202406] [           main] org.hibernate.type.BasicTypeRegistry     : Adding type registration OffsetDateTime -> org.hibernate.type.BasicTypeReference@2c2c3947
2024-06-24T09:44:58.143+09:00 DEBUG 13204 --- [employee-management-system-202406] [           main] org.hibernate.type.BasicTypeRegistry     : Adding type registration java.time.OffsetDateTime -> org.hibernate.type.BasicTypeReference@2c2c3947
2024-06-24T09:44:58.143+09:00 DEBUG 13204 --- [employee-management-system-202406] [           main] org.hibernate.type.BasicTypeRegistry     : Adding type registration OffsetDateTimeWithTimezone -> org.hibernate.type.BasicTypeReference@4a62062a
2024-06-24T09:44:58.143+09:00 DEBUG 13204 --- [employee-management-system-202406] [           main] org.hibernate.type.BasicTypeRegistry     : Adding type registration OffsetDateTimeWithoutTimezone -> org.hibernate.type.BasicTypeReference@7ec08115
2024-06-24T09:44:58.143+09:00 DEBUG 13204 --- [employee-management-system-202406] [           main] org.hibernate.type.BasicTypeRegistry     : Adding type registration OffsetTime -> org.hibernate.type.BasicTypeReference@53dd42d6
2024-06-24T09:44:58.143+09:00 DEBUG 13204 --- [employee-management-system-202406] [           main] org.hibernate.type.BasicTypeRegistry     : Adding type registration java.time.OffsetTime -> org.hibernate.type.BasicTypeReference@53dd42d6
2024-06-24T09:44:58.143+09:00 DEBUG 13204 --- [employee-management-system-202406] [           main] org.hibernate.type.BasicTypeRegistry     : Adding type registration OffsetTimeUtc -> org.hibernate.type.BasicTypeReference@1e76afeb
2024-06-24T09:44:58.144+09:00 DEBUG 13204 --- [employee-management-system-202406] [           main] org.hibernate.type.BasicTypeRegistry     : Adding type registration OffsetTimeWithTimezone -> org.hibernate.type.BasicTypeReference@447fa959
2024-06-24T09:44:58.144+09:00 DEBUG 13204 --- [employee-management-system-202406] [           main] org.hibernate.type.BasicTypeRegistry     : Adding type registration OffsetTimeWithoutTimezone -> org.hibernate.type.BasicTypeReference@3e4d40ea
2024-06-24T09:44:58.144+09:00 DEBUG 13204 --- [employee-management-system-202406] [           main] org.hibernate.type.BasicTypeRegistry     : Adding type registration ZonedDateTime -> org.hibernate.type.BasicTypeReference@73f6e07
2024-06-24T09:44:58.144+09:00 DEBUG 13204 --- [employee-management-system-202406] [           main] org.hibernate.type.BasicTypeRegistry     : Adding type registration java.time.ZonedDateTime -> org.hibernate.type.BasicTypeReference@73f6e07
2024-06-24T09:44:58.144+09:00 DEBUG 13204 --- [employee-management-system-202406] [           main] org.hibernate.type.BasicTypeRegistry     : Adding type registration ZonedDateTimeWithTimezone -> org.hibernate.type.BasicTypeReference@2c9d90fc
2024-06-24T09:44:58.144+09:00 DEBUG 13204 --- [employee-management-system-202406] [           main] org.hibernate.type.BasicTypeRegistry     : Adding type registration ZonedDateTimeWithoutTimezone -> org.hibernate.type.BasicTypeReference@1511d157
2024-06-24T09:44:58.144+09:00 DEBUG 13204 --- [employee-management-system-202406] [           main] org.hibernate.type.BasicTypeRegistry     : Adding type registration date -> org.hibernate.type.BasicTypeReference@418f890f
2024-06-24T09:44:58.144+09:00 DEBUG 13204 --- [employee-management-system-202406] [           main] org.hibernate.type.BasicTypeRegistry     : Adding type registration java.sql.Date -> org.hibernate.type.BasicTypeReference@418f890f
2024-06-24T09:44:58.144+09:00 DEBUG 13204 --- [employee-management-system-202406] [           main] org.hibernate.type.BasicTypeRegistry     : Adding type registration time -> org.hibernate.type.BasicTypeReference@3d3c886f
2024-06-24T09:44:58.144+09:00 DEBUG 13204 --- [employee-management-system-202406] [           main] org.hibernate.type.BasicTypeRegistry     : Adding type registration java.sql.Time -> org.hibernate.type.BasicTypeReference@3d3c886f
2024-06-24T09:44:58.144+09:00 DEBUG 13204 --- [employee-management-system-202406] [           main] org.hibernate.type.BasicTypeRegistry     : Adding type registration timestamp -> org.hibernate.type.BasicTypeReference@7d66e544
2024-06-24T09:44:58.144+09:00 DEBUG 13204 --- [employee-management-system-202406] [           main] org.hibernate.type.BasicTypeRegistry     : Adding type registration java.sql.Timestamp -> org.hibernate.type.BasicTypeReference@7d66e544
2024-06-24T09:44:58.144+09:00 DEBUG 13204 --- [employee-management-system-202406] [           main] org.hibernate.type.BasicTypeRegistry     : Adding type registration java.util.Date -> org.hibernate.type.BasicTypeReference@7d66e544
2024-06-24T09:44:58.144+09:00 DEBUG 13204 --- [employee-management-system-202406] [           main] org.hibernate.type.BasicTypeRegistry     : Adding type registration calendar -> org.hibernate.type.BasicTypeReference@666618d6
2024-06-24T09:44:58.144+09:00 DEBUG 13204 --- [employee-management-system-202406] [           main] org.hibernate.type.BasicTypeRegistry     : Adding type registration java.util.Calendar -> org.hibernate.type.BasicTypeReference@666618d6
2024-06-24T09:44:58.144+09:00 DEBUG 13204 --- [employee-management-system-202406] [           main] org.hibernate.type.BasicTypeRegistry     : Adding type registration java.util.GregorianCalendar -> org.hibernate.type.BasicTypeReference@666618d6
2024-06-24T09:44:58.145+09:00 DEBUG 13204 --- [employee-management-system-202406] [           main] org.hibernate.type.BasicTypeRegistry     : Adding type registration calendar_date -> org.hibernate.type.BasicTypeReference@5b1c32e4
2024-06-24T09:44:58.145+09:00 DEBUG 13204 --- [employee-management-system-202406] [           main] org.hibernate.type.BasicTypeRegistry     : Adding type registration calendar_time -> org.hibernate.type.BasicTypeReference@2bab618
2024-06-24T09:44:58.145+09:00 DEBUG 13204 --- [employee-management-system-202406] [           main] org.hibernate.type.BasicTypeRegistry     : Adding type registration instant -> org.hibernate.type.BasicTypeReference@48bc2fce
2024-06-24T09:44:58.145+09:00 DEBUG 13204 --- [employee-management-system-202406] [           main] org.hibernate.type.BasicTypeRegistry     : Adding type registration java.time.Instant -> org.hibernate.type.BasicTypeReference@48bc2fce
2024-06-24T09:44:58.145+09:00 DEBUG 13204 --- [employee-management-system-202406] [           main] org.hibernate.type.BasicTypeRegistry     : Adding type registration uuid -> org.hibernate.type.BasicTypeReference@1eca3ea7
2024-06-24T09:44:58.145+09:00 DEBUG 13204 --- [employee-management-system-202406] [           main] org.hibernate.type.BasicTypeRegistry     : Adding type registration java.util.UUID -> org.hibernate.type.BasicTypeReference@1eca3ea7
2024-06-24T09:44:58.145+09:00 DEBUG 13204 --- [employee-management-system-202406] [           main] org.hibernate.type.BasicTypeRegistry     : Adding type registration pg-uuid -> org.hibernate.type.BasicTypeReference@1eca3ea7
2024-06-24T09:44:58.145+09:00 DEBUG 13204 --- [employee-management-system-202406] [           main] org.hibernate.type.BasicTypeRegistry     : Adding type registration uuid-binary -> org.hibernate.type.BasicTypeReference@24fba488
2024-06-24T09:44:58.145+09:00 DEBUG 13204 --- [employee-management-system-202406] [           main] org.hibernate.type.BasicTypeRegistry     : Adding type registration uuid-char -> org.hibernate.type.BasicTypeReference@73a6cc79
2024-06-24T09:44:58.145+09:00 DEBUG 13204 --- [employee-management-system-202406] [           main] org.hibernate.type.BasicTypeRegistry     : Adding type registration class -> org.hibernate.type.BasicTypeReference@5a4d4f9c
2024-06-24T09:44:58.145+09:00 DEBUG 13204 --- [employee-management-system-202406] [           main] org.hibernate.type.BasicTypeRegistry     : Adding type registration java.lang.Class -> org.hibernate.type.BasicTypeReference@5a4d4f9c
2024-06-24T09:44:58.145+09:00 DEBUG 13204 --- [employee-management-system-202406] [           main] org.hibernate.type.BasicTypeRegistry     : Adding type registration currency -> org.hibernate.type.BasicTypeReference@153d6d74
2024-06-24T09:44:58.145+09:00 DEBUG 13204 --- [employee-management-system-202406] [           main] org.hibernate.type.BasicTypeRegistry     : Adding type registration Currency -> org.hibernate.type.BasicTypeReference@153d6d74
2024-06-24T09:44:58.145+09:00 DEBUG 13204 --- [employee-management-system-202406] [           main] org.hibernate.type.BasicTypeRegistry     : Adding type registration java.util.Currency -> org.hibernate.type.BasicTypeReference@153d6d74
2024-06-24T09:44:58.145+09:00 DEBUG 13204 --- [employee-management-system-202406] [           main] org.hibernate.type.BasicTypeRegistry     : Adding type registration locale -> org.hibernate.type.BasicTypeReference@6c9b44bf
2024-06-24T09:44:58.145+09:00 DEBUG 13204 --- [employee-management-system-202406] [           main] org.hibernate.type.BasicTypeRegistry     : Adding type registration java.util.Locale -> org.hibernate.type.BasicTypeReference@6c9b44bf
2024-06-24T09:44:58.146+09:00 DEBUG 13204 --- [employee-management-system-202406] [           main] org.hibernate.type.BasicTypeRegistry     : Adding type registration serializable -> org.hibernate.type.BasicTypeReference@299b9851
2024-06-24T09:44:58.146+09:00 DEBUG 13204 --- [employee-management-system-202406] [           main] org.hibernate.type.BasicTypeRegistry     : Adding type registration java.io.Serializable -> org.hibernate.type.BasicTypeReference@299b9851
2024-06-24T09:44:58.146+09:00 DEBUG 13204 --- [employee-management-system-202406] [           main] org.hibernate.type.BasicTypeRegistry     : Adding type registration timezone -> org.hibernate.type.BasicTypeReference@191a0351
2024-06-24T09:44:58.146+09:00 DEBUG 13204 --- [employee-management-system-202406] [           main] org.hibernate.type.BasicTypeRegistry     : Adding type registration java.util.TimeZone -> org.hibernate.type.BasicTypeReference@191a0351
2024-06-24T09:44:58.146+09:00 DEBUG 13204 --- [employee-management-system-202406] [           main] org.hibernate.type.BasicTypeRegistry     : Adding type registration ZoneOffset -> org.hibernate.type.BasicTypeReference@67328bcb
2024-06-24T09:44:58.146+09:00 DEBUG 13204 --- [employee-management-system-202406] [           main] org.hibernate.type.BasicTypeRegistry     : Adding type registration java.time.ZoneOffset -> org.hibernate.type.BasicTypeReference@67328bcb
2024-06-24T09:44:58.146+09:00 DEBUG 13204 --- [employee-management-system-202406] [           main] org.hibernate.type.BasicTypeRegistry     : Adding type registration url -> org.hibernate.type.BasicTypeReference@51ba952e
2024-06-24T09:44:58.146+09:00 DEBUG 13204 --- [employee-management-system-202406] [           main] org.hibernate.type.BasicTypeRegistry     : Adding type registration java.net.URL -> org.hibernate.type.BasicTypeReference@51ba952e
2024-06-24T09:44:58.146+09:00 DEBUG 13204 --- [employee-management-system-202406] [           main] org.hibernate.type.BasicTypeRegistry     : Adding type registration vector -> org.hibernate.type.BasicTypeReference@2416c658
2024-06-24T09:44:58.146+09:00 DEBUG 13204 --- [employee-management-system-202406] [           main] org.hibernate.type.BasicTypeRegistry     : Adding type registration row_version -> org.hibernate.type.BasicTypeReference@6d5f4900
2024-06-24T09:44:58.150+09:00 DEBUG 13204 --- [employee-management-system-202406] [           main] org.hibernate.type.BasicTypeRegistry     : Adding type registration object -> org.hibernate.type.JavaObjectType@7c588adc
2024-06-24T09:44:58.150+09:00 DEBUG 13204 --- [employee-management-system-202406] [           main] org.hibernate.type.BasicTypeRegistry     : Adding type registration java.lang.Object -> org.hibernate.type.JavaObjectType@7c588adc
2024-06-24T09:44:58.151+09:00 DEBUG 13204 --- [employee-management-system-202406] [           main] org.hibernate.type.BasicTypeRegistry     : Adding type registration null -> org.hibernate.type.NullType@15605d83
2024-06-24T09:44:58.151+09:00 DEBUG 13204 --- [employee-management-system-202406] [           main] org.hibernate.type.BasicTypeRegistry     : Adding type registration imm_date -> org.hibernate.type.BasicTypeReference@1fb2eec
2024-06-24T09:44:58.151+09:00 DEBUG 13204 --- [employee-management-system-202406] [           main] org.hibernate.type.BasicTypeRegistry     : Adding type registration imm_time -> org.hibernate.type.BasicTypeReference@2a0b901c
2024-06-24T09:44:58.151+09:00 DEBUG 13204 --- [employee-management-system-202406] [           main] org.hibernate.type.BasicTypeRegistry     : Adding type registration imm_timestamp -> org.hibernate.type.BasicTypeReference@3d104c9b
2024-06-24T09:44:58.151+09:00 DEBUG 13204 --- [employee-management-system-202406] [           main] org.hibernate.type.BasicTypeRegistry     : Adding type registration imm_calendar -> org.hibernate.type.BasicTypeReference@6544899b
2024-06-24T09:44:58.152+09:00 DEBUG 13204 --- [employee-management-system-202406] [           main] org.hibernate.type.BasicTypeRegistry     : Adding type registration imm_calendar_date -> org.hibernate.type.BasicTypeReference@6da54910
2024-06-24T09:44:58.152+09:00 DEBUG 13204 --- [employee-management-system-202406] [           main] org.hibernate.type.BasicTypeRegistry     : Adding type registration imm_calendar_time -> org.hibernate.type.BasicTypeReference@1bd8afc8
2024-06-24T09:44:58.152+09:00 DEBUG 13204 --- [employee-management-system-202406] [           main] org.hibernate.type.BasicTypeRegistry     : Adding type registration imm_binary -> org.hibernate.type.BasicTypeReference@24134cbc
2024-06-24T09:44:58.152+09:00 DEBUG 13204 --- [employee-management-system-202406] [           main] org.hibernate.type.BasicTypeRegistry     : Adding type registration imm_serializable -> org.hibernate.type.BasicTypeReference@65da01f4
2024-06-24T09:44:58.501+09:00  INFO 13204 --- [employee-management-system-202406] [           main] o.s.o.j.p.SpringPersistenceUnitInfo      : No LoadTimeWeaver setup: ignoring JPA class transformer
2024-06-24T09:44:58.532+09:00  INFO 13204 --- [employee-management-system-202406] [           main] com.zaxxer.hikari.HikariDataSource       : HikariPool-1 - Starting...
2024-06-24T09:44:58.713+09:00  INFO 13204 --- [employee-management-system-202406] [           main] com.zaxxer.hikari.pool.HikariPool        : HikariPool-1 - Added connection com.mysql.cj.jdbc.ConnectionImpl@7740b0ab
2024-06-24T09:44:58.715+09:00  INFO 13204 --- [employee-management-system-202406] [           main] com.zaxxer.hikari.HikariDataSource       : HikariPool-1 - Start completed.
2024-06-24T09:44:58.741+09:00  WARN 13204 --- [employee-management-system-202406] [           main] org.hibernate.orm.deprecation            : HHH90000025: MySQL8Dialect does not need to be specified explicitly using 'hibernate.dialect' (remove the property setting and it will be selected by default)
2024-06-24T09:44:58.742+09:00  WARN 13204 --- [employee-management-system-202406] [           main] org.hibernate.orm.deprecation            : HHH90000026: MySQL8Dialect has been deprecated; use org.hibernate.dialect.MySQLDialect instead
2024-06-24T09:44:58.772+09:00 DEBUG 13204 --- [employee-management-system-202406] [           main] o.h.t.d.sql.spi.DdlTypeRegistry          : addDescriptor(12, org.hibernate.type.descriptor.sql.internal.CapacityDependentDdlType@7752c0e7) replaced previous registration(org.hibernate.type.descriptor.sql.internal.CapacityDependentDdlType@77ba583)
2024-06-24T09:44:58.773+09:00 DEBUG 13204 --- [employee-management-system-202406] [           main] o.h.t.d.sql.spi.DdlTypeRegistry          : addDescriptor(-9, org.hibernate.type.descriptor.sql.internal.CapacityDependentDdlType@5613247e) replaced previous registration(org.hibernate.type.descriptor.sql.internal.CapacityDependentDdlType@6851b296)
2024-06-24T09:44:58.773+09:00 DEBUG 13204 --- [employee-management-system-202406] [           main] o.h.t.d.sql.spi.DdlTypeRegistry          : addDescriptor(-3, org.hibernate.type.descriptor.sql.internal.CapacityDependentDdlType@9e50283) replaced previous registration(org.hibernate.type.descriptor.sql.internal.CapacityDependentDdlType@5368e981)
2024-06-24T09:44:58.773+09:00 DEBUG 13204 --- [employee-management-system-202406] [           main] o.h.t.d.sql.spi.DdlTypeRegistry          : addDescriptor(4003, org.hibernate.type.descriptor.sql.internal.DdlTypeImpl@1c171746) replaced previous registration(org.hibernate.type.descriptor.sql.internal.DdlTypeImpl@79b7c350)
2024-06-24T09:44:58.773+09:00 DEBUG 13204 --- [employee-management-system-202406] [           main] o.h.t.d.sql.spi.DdlTypeRegistry          : addDescriptor(4001, org.hibernate.type.descriptor.sql.internal.DdlTypeImpl@586737ff) replaced previous registration(org.hibernate.type.descriptor.sql.internal.DdlTypeImpl@4cd7e993)
2024-06-24T09:44:58.773+09:00 DEBUG 13204 --- [employee-management-system-202406] [           main] o.h.t.d.sql.spi.DdlTypeRegistry          : addDescriptor(4002, org.hibernate.type.descriptor.sql.internal.DdlTypeImpl@685e6a68) replaced previous registration(org.hibernate.type.descriptor.sql.internal.DdlTypeImpl@2fb48970)
2024-06-24T09:44:58.773+09:00 DEBUG 13204 --- [employee-management-system-202406] [           main] o.h.t.d.sql.spi.DdlTypeRegistry          : addDescriptor(2004, org.hibernate.type.descriptor.sql.internal.CapacityDependentDdlType@4e8d9bb6) replaced previous registration(org.hibernate.type.descriptor.sql.internal.DdlTypeImpl@3de56885)
2024-06-24T09:44:58.773+09:00 DEBUG 13204 --- [employee-management-system-202406] [           main] o.h.t.d.sql.spi.DdlTypeRegistry          : addDescriptor(2005, org.hibernate.type.descriptor.sql.internal.CapacityDependentDdlType@2673487b) replaced previous registration(org.hibernate.type.descriptor.sql.internal.DdlTypeImpl@2d07aacc)
2024-06-24T09:44:58.773+09:00 DEBUG 13204 --- [employee-management-system-202406] [           main] o.h.t.d.sql.spi.DdlTypeRegistry          : addDescriptor(2011, org.hibernate.type.descriptor.sql.internal.CapacityDependentDdlType@ff5d4f1) replaced previous registration(org.hibernate.type.descriptor.sql.internal.DdlTypeImpl@194224ca)
2024-06-24T09:44:58.775+09:00 DEBUG 13204 --- [employee-management-system-202406] [           main] o.h.t.d.jdbc.spi.JdbcTypeRegistry        : addDescriptor(NCharTypeDescriptor) replaced previous registration(CharTypeDescriptor)
2024-06-24T09:44:58.775+09:00 DEBUG 13204 --- [employee-management-system-202406] [           main] o.h.t.d.jdbc.spi.JdbcTypeRegistry        : addDescriptor(NVarcharTypeDescriptor) replaced previous registration(VarcharTypeDescriptor)
2024-06-24T09:44:58.775+09:00 DEBUG 13204 --- [employee-management-system-202406] [           main] o.h.t.d.jdbc.spi.JdbcTypeRegistry        : addDescriptor(LongNVarcharTypeDescriptor) replaced previous registration(LongVarcharTypeDescriptor)
2024-06-24T09:44:58.776+09:00 DEBUG 13204 --- [employee-management-system-202406] [           main] o.h.t.d.jdbc.spi.JdbcTypeRegistry        : addDescriptor(NClobTypeDescriptor(DEFAULT)) replaced previous registration(ClobTypeDescriptor(DEFAULT))
2024-06-24T09:44:58.776+09:00 DEBUG 13204 --- [employee-management-system-202406] [           main] o.h.t.d.jdbc.spi.JdbcTypeRegistry        : addDescriptor(2005, ClobTypeDescriptor(STREAM_BINDING)) replaced previous registration(ClobTypeDescriptor(DEFAULT))
2024-06-24T09:44:58.779+09:00 DEBUG 13204 --- [employee-management-system-202406] [           main] org.hibernate.type.BasicTypeRegistry     : Adding type registration null -> org.hibernate.type.NullType@70a24f9
2024-06-24T09:44:58.779+09:00 DEBUG 13204 --- [employee-management-system-202406] [           main] org.hibernate.type.BasicTypeRegistry     : Type registration key [null] overrode previous entry : `org.hibernate.type.NullType@15605d83`
2024-06-24T09:44:58.784+09:00 DEBUG 13204 --- [employee-management-system-202406] [           main] org.hibernate.type.BasicTypeRegistry     : Adding type registration org.hibernate.type.DurationType -> basicType@1(java.time.Duration,3015)
2024-06-24T09:44:58.785+09:00 DEBUG 13204 --- [employee-management-system-202406] [           main] org.hibernate.type.BasicTypeRegistry     : Adding type registration Duration -> basicType@1(java.time.Duration,3015)
2024-06-24T09:44:58.785+09:00 DEBUG 13204 --- [employee-management-system-202406] [           main] org.hibernate.type.BasicTypeRegistry     : Adding type registration java.time.Duration -> basicType@1(java.time.Duration,3015)
2024-06-24T09:44:58.787+09:00 DEBUG 13204 --- [employee-management-system-202406] [           main] org.hibernate.type.BasicTypeRegistry     : Adding type registration org.hibernate.type.OffsetDateTimeType -> basicType@2(java.time.OffsetDateTime,3003)
2024-06-24T09:44:58.788+09:00 DEBUG 13204 --- [employee-management-system-202406] [           main] org.hibernate.type.BasicTypeRegistry     : Adding type registration OffsetDateTime -> basicType@2(java.time.OffsetDateTime,3003)
2024-06-24T09:44:58.788+09:00 DEBUG 13204 --- [employee-management-system-202406] [           main] org.hibernate.type.BasicTypeRegistry     : Adding type registration java.time.OffsetDateTime -> basicType@2(java.time.OffsetDateTime,3003)
2024-06-24T09:44:58.788+09:00 DEBUG 13204 --- [employee-management-system-202406] [           main] org.hibernate.type.BasicTypeRegistry     : Adding type registration org.hibernate.type.ZonedDateTimeType -> basicType@3(java.time.ZonedDateTime,3003)
2024-06-24T09:44:58.788+09:00 DEBUG 13204 --- [employee-management-system-202406] [           main] org.hibernate.type.BasicTypeRegistry     : Adding type registration ZonedDateTime -> basicType@3(java.time.ZonedDateTime,3003)
2024-06-24T09:44:58.788+09:00 DEBUG 13204 --- [employee-management-system-202406] [           main] org.hibernate.type.BasicTypeRegistry     : Adding type registration java.time.ZonedDateTime -> basicType@3(java.time.ZonedDateTime,3003)
2024-06-24T09:44:58.789+09:00 DEBUG 13204 --- [employee-management-system-202406] [           main] org.hibernate.type.BasicTypeRegistry     : Adding type registration org.hibernate.type.OffsetTimeType -> basicType@4(java.time.OffsetTime,3007)
2024-06-24T09:44:58.790+09:00 DEBUG 13204 --- [employee-management-system-202406] [           main] org.hibernate.type.BasicTypeRegistry     : Adding type registration OffsetTime -> basicType@4(java.time.OffsetTime,3007)
2024-06-24T09:44:58.790+09:00 DEBUG 13204 --- [employee-management-system-202406] [           main] org.hibernate.type.BasicTypeRegistry     : Adding type registration java.time.OffsetTime -> basicType@4(java.time.OffsetTime,3007)
2024-06-24T09:44:58.792+09:00 DEBUG 13204 --- [employee-management-system-202406] [           main] o.h.type.spi.TypeConfiguration$Scope     : Scoping TypeConfiguration [org.hibernate.type.spi.TypeConfiguration@517a46f3] to MetadataBuildingContext [org.hibernate.boot.internal.MetadataBuildingContextRootImpl@38fb151a]
2024-06-24T09:44:59.604+09:00  INFO 13204 --- [employee-management-system-202406] [           main] o.h.e.t.j.p.i.JtaPlatformInitiator       : HHH000489: No JTA platform available (set 'hibernate.transaction.jta.platform' to enable JTA platform integration)
2024-06-24T09:44:59.605+09:00 DEBUG 13204 --- [employee-management-system-202406] [           main] o.h.type.spi.TypeConfiguration$Scope     : Scoping TypeConfiguration [org.hibernate.type.spi.TypeConfiguration@517a46f3] to SessionFactoryImplementor [org.hibernate.internal.SessionFactoryImpl@71098fb3]
2024-06-24T09:44:59.683+09:00 TRACE 13204 --- [employee-management-system-202406] [           main] o.h.type.spi.TypeConfiguration$Scope     : Handling #sessionFactoryCreated from [org.hibernate.internal.SessionFactoryImpl@71098fb3] for TypeConfiguration
2024-06-24T09:44:59.683+09:00  INFO 13204 --- [employee-management-system-202406] [           main] j.LocalContainerEntityManagerFactoryBean : Initialized JPA EntityManagerFactory for persistence unit 'default'
2024-06-24T09:45:00.168+09:00  WARN 13204 --- [employee-management-system-202406] [           main] JpaBaseConfiguration$JpaWebConfiguration : spring.jpa.open-in-view is enabled by default. Therefore, database queries may be performed during view rendering. Explicitly configure spring.jpa.open-in-view to disable this warning
2024-06-24T09:45:00.194+09:00  WARN 13204 --- [employee-management-system-202406] [           main] r$InitializeUserDetailsManagerConfigurer : Global AuthenticationManager configured with an AuthenticationProvider bean. UserDetailsService beans will not be used for username/password login. Consider removing the AuthenticationProvider bean. Alternatively, consider using the UserDetailsService in a manually instantiated DaoAuthenticationProvider.
2024-06-24T09:45:00.318+09:00  INFO 13204 --- [employee-management-system-202406] [           main] o.s.b.a.w.s.WelcomePageHandlerMapping    : Adding welcome page template: index
2024-06-24T09:45:00.679+09:00  INFO 13204 --- [employee-management-system-202406] [           main] o.s.s.web.DefaultSecurityFilterChain     : Will secure any request with [org.springframework.security.web.session.DisableEncodeUrlFilter@12a7515b, org.springframework.security.web.context.request.async.WebAsyncManagerIntegrationFilter@2c28654e, org.springframework.security.web.context.SecurityContextHolderFilter@514c6ca0, org.springframework.security.web.header.HeaderWriterFilter@15251cc2, org.springframework.web.filter.CorsFilter@2ded31cc, org.springframework.security.web.authentication.logout.LogoutFilter@1c3400df, org.springframework.security.web.authentication.UsernamePasswordAuthenticationFilter@45689582, org.springframework.security.web.savedrequest.RequestCacheAwareFilter@40ef385f, org.springframework.security.web.servletapi.SecurityContextHolderAwareRequestFilter@28d728f1, org.springframework.security.web.authentication.AnonymousAuthenticationFilter@47b71556, org.springframework.security.web.access.ExceptionTranslationFilter@4110ffe5, org.springframework.security.web.access.intercept.AuthorizationFilter@678b3746]
2024-06-24T09:45:01.109+09:00  INFO 13204 --- [employee-management-system-202406] [           main] eeManagementSystem202406ApplicationTests : Started EmployeeManagementSystem202406ApplicationTests in 5.214 seconds (process running for 6.263)
]]></system-out>
    <system-err><![CDATA[WARNING: A Java agent has been loaded dynamically (C:\Users\SYM-D-14\.m2\repository\net\bytebuddy\byte-buddy-agent\1.14.16\byte-buddy-agent-1.14.16.jar)
WARNING: If a serviceability tool is in use, please run with -XX:+EnableDynamicAgentLoading to hide this warning
WARNING: If a serviceability tool is not in use, please run with -Djdk.instrument.traceUsage for more information
WARNING: Dynamic loading of agents will be disallowed by default in a future release
]]></system-err>
  </testcase>
</testsuite>